hello-jni-two-gradle-plugins/app/build/outputs/logs/manifest-merger-debug-report.txt
-- Merging decision tree log ---
manifest
ADDED from src/main/AndroidManifest.xml:2:1-21:12
	package
		ADDED from src/main/AndroidManifest.xml:4:5-35
		INJECTED from src/main/AndroidManifest.xml
		INJECTED from src/main/AndroidManifest.xml
	android:versionName
		ADDED from src/main/AndroidManifest.xml:6:5-30
		INJECTED from src/main/AndroidManifest.xml
		INJECTED from src/main/AndroidManifest.xml
	xmlns:tools
		ADDED from src/main/AndroidManifest.xml:3:5-51
	android:versionCode
		ADDED from src/main/AndroidManifest.xml:5:5-28
		INJECTED from src/main/AndroidManifest.xml
		INJECTED from src/main/AndroidManifest.xml
	xmlns:android
		ADDED from src/main/AndroidManifest.xml:2:11-69
application
ADDED from src/main/AndroidManifest.xml:7:3-20:17
MERGED from [hello-jni-two-gradle-plugins:shared:unspecified] AndroidManifest.xml:9:5-13:19
	android:label
		ADDED from src/main/AndroidManifest.xml:12:7-39
	android:supportsRtl
		ADDED from [hello-jni-two-gradle-plugins:shared:unspecified] AndroidManifest.xml:12:9-35
	android:fullBackupContent
		ADDED from src/main/AndroidManifest.xml:10:7-40
	android:allowBackup
		ADDED from src/main/AndroidManifest.xml:9:7-34
		REJECTED from [hello-jni-two-gradle-plugins:shared:unspecified] AndroidManifest.xml:10:9-35
	android:icon
		ADDED from src/main/AndroidManifest.xml:11:7-41
	tools:replace
		ADDED from src/main/AndroidManifest.xml:8:7-42
activity#com.example.hellojni.HelloJni
ADDED from src/main/AndroidManifest.xml:13:5-19:16
	android:label
		ADDED from src/main/AndroidManifest.xml:14:15-47
	android:name
		ADDED from src/main/AndroidManifest.xml:13:15-39
intent-filter#android.intent.action.MAIN+android.intent.category.LAUNCHER
ADDED from src/main/AndroidManifest.xml:15:7-18:23
action#android.intent.action.MAIN
ADDED from src/main/AndroidManifest.xml:16:9-61
	android:name
		ADDED from src/main/AndroidManifest.xml:16:17-58
category#android.intent.category.LAUNCHER
ADDED from src/main/AndroidManifest.xml:17:9-69
	android:name
		ADDED from src/main/AndroidManifest.xml:17:19-66
uses-sdk
INJECTED from src/main/AndroidManifest.xml reason: use-sdk injection requested
MERGED from [hello-jni-two-gradle-plugins:shared:unspecified] AndroidManifest.xml:5:5-7:41
	android:targetSdkVersion
		INJECTED from src/main/AndroidManifest.xml
		INJECTED from src/main/AndroidManifest.xml
	android:minSdkVersion
		INJECTED from src/main/AndroidManifest.xml
		INJECTED from src/main/AndroidManifest.xml